<?xml version="1.0" encoding="UTF-8"?>
<coverage generated="1449935876">
  <project timestamp="1449935876">
    <package name="Aimeos\Controller\Jobs\Admin\Cache">
      <file name="/home/nose/Aimeos/src/aimeos-core/controller/jobs/src/Controller/Jobs/Admin/Cache/Factory.php">
        <class name="Factory" namespace="Aimeos\Controller\Jobs\Admin\Cache" fullPackage="Controller.Jobs" package="Controller" subpackage="Jobs">
          <metrics methods="1" coveredmethods="1" conditionals="0" coveredconditionals="0" statements="11" coveredstatements="11" elements="12" coveredelements="12"/>
        </class>
        <line num="33" type="method" name="createController" crap="4" count="5"/>
        <line num="68" type="stmt" count="5"/>
        <line num="69" type="stmt" count="2"/>
        <line num="70" type="stmt" count="2"/>
        <line num="72" type="stmt" count="5"/>
        <line num="73" type="stmt" count="5"/>
        <line num="74" type="stmt" count="1"/>
        <line num="75" type="stmt" count="1"/>
        <line num="78" type="stmt" count="4"/>
        <line num="79" type="stmt" count="4"/>
        <line num="81" type="stmt" count="4"/>
        <line num="157" type="stmt" count="2"/>
        <metrics loc="158" ncloc="32" classes="1" methods="1" coveredmethods="1" conditionals="0" coveredconditionals="0" statements="11" coveredstatements="11" elements="12" coveredelements="12"/>
      </file>
      <file name="/home/nose/Aimeos/src/aimeos-core/controller/jobs/src/Controller/Jobs/Admin/Cache/Standard.php">
        <class name="Standard" namespace="Aimeos\Controller\Jobs\Admin\Cache" fullPackage="Controller.Jobs" package="Controller" subpackage="Jobs">
          <metrics methods="3" coveredmethods="3" conditionals="0" coveredconditionals="0" statements="4" coveredstatements="4" elements="7" coveredelements="7"/>
        </class>
        <line num="0" type="stmt" count="1"/>
        <line num="30" type="method" name="getName" crap="1" count="1"/>
        <line num="32" type="stmt" count="1"/>
        <line num="41" type="method" name="getDescription" crap="1" count="1"/>
        <line num="43" type="stmt" count="1"/>
        <line num="52" type="method" name="run" crap="1" count="1"/>
        <line num="54" type="stmt" count="1"/>
        <line num="55" type="stmt" count="1"/>
        <line num="57" type="stmt" count="1"/>
        <line num="205" type="stmt" count="1"/>
        <metrics loc="56" ncloc="28" classes="1" methods="3" coveredmethods="3" conditionals="0" coveredconditionals="0" statements="4" coveredstatements="4" elements="7" coveredelements="7"/>
      </file>
    </package>
    <package name="Aimeos\Controller\Jobs\Admin\Job">
      <file name="/home/nose/Aimeos/src/aimeos-core/controller/jobs/src/Controller/Jobs/Admin/Job/Factory.php">
        <class name="Factory" namespace="Aimeos\Controller\Jobs\Admin\Job" fullPackage="Controller.Jobs" package="Controller" subpackage="Jobs">
          <metrics methods="1" coveredmethods="1" conditionals="0" coveredconditionals="0" statements="11" coveredstatements="11" elements="12" coveredelements="12"/>
        </class>
        <line num="33" type="method" name="createController" crap="4" count="13"/>
        <line num="68" type="stmt" count="13"/>
        <line num="69" type="stmt" count="3"/>
        <line num="70" type="stmt" count="3"/>
        <line num="72" type="stmt" count="13"/>
        <line num="73" type="stmt" count="13"/>
        <line num="74" type="stmt" count="1"/>
        <line num="75" type="stmt" count="1"/>
        <line num="78" type="stmt" count="12"/>
        <line num="79" type="stmt" count="12"/>
        <line num="81" type="stmt" count="12"/>
        <line num="157" type="stmt" count="10"/>
        <metrics loc="158" ncloc="32" classes="1" methods="1" coveredmethods="1" conditionals="0" coveredconditionals="0" statements="11" coveredstatements="11" elements="12" coveredelements="12"/>
      </file>
      <file name="/home/nose/Aimeos/src/aimeos-core/controller/jobs/src/Controller/Jobs/Admin/Job/Standard.php">
        <class name="Standard" namespace="Aimeos\Controller\Jobs\Admin\Job" fullPackage="Controller.Jobs" package="Controller" subpackage="Jobs">
          <metrics methods="3" coveredmethods="3" conditionals="0" coveredconditionals="0" statements="38" coveredstatements="36" elements="41" coveredelements="39"/>
        </class>
        <line num="0" type="stmt" count="3"/>
        <line num="30" type="method" name="getName" crap="1" count="1"/>
        <line num="32" type="stmt" count="1"/>
        <line num="41" type="method" name="getDescription" crap="1" count="1"/>
        <line num="43" type="stmt" count="1"/>
        <line num="52" type="method" name="run" crap="9.01" count="6"/>
        <line num="54" type="stmt" count="6"/>
        <line num="56" type="stmt" count="6"/>
        <line num="57" type="stmt" count="6"/>
        <line num="59" type="stmt" count="6"/>
        <line num="63" type="stmt" count="6"/>
        <line num="65" type="stmt" count="6"/>
        <line num="69" type="stmt" count="6"/>
        <line num="71" type="stmt" count="6"/>
        <line num="72" type="stmt" count="2"/>
        <line num="75" type="stmt" count="4"/>
        <line num="77" type="stmt" count="4"/>
        <line num="78" type="stmt" count="0"/>
        <line num="81" type="stmt" count="4"/>
        <line num="82" type="stmt" count="4"/>
        <line num="83" type="stmt" count="4"/>
        <line num="85" type="stmt" count="4"/>
        <line num="86" type="stmt" count="2"/>
        <line num="89" type="stmt" count="2"/>
        <line num="91" type="stmt" count="2"/>
        <line num="92" type="stmt" count="0"/>
        <line num="95" type="stmt" count="2"/>
        <line num="96" type="stmt" count="1"/>
        <line num="99" type="stmt" count="1"/>
        <line num="101" type="stmt" count="1"/>
        <line num="102" type="stmt" count="1"/>
        <line num="104" type="stmt" count="6"/>
        <line num="106" type="stmt" count="5"/>
        <line num="107" type="stmt" count="5"/>
        <line num="108" type="stmt" count="5"/>
        <line num="111" type="stmt" count="6"/>
        <line num="112" type="stmt" count="6"/>
        <line num="114" type="stmt" count="6"/>
        <line num="115" type="stmt" count="6"/>
        <line num="116" type="stmt" count="6"/>
        <line num="118" type="stmt" count="6"/>
        <line num="119" type="stmt" count="6"/>
        <line num="121" type="stmt" count="1"/>
        <metrics loc="120" ncloc="92" classes="1" methods="3" coveredmethods="2" conditionals="0" coveredconditionals="0" statements="38" coveredstatements="36" elements="41" coveredelements="38"/>
      </file>
    </package>
    <package name="Aimeos\Controller\Jobs\Admin\Log">
      <file name="/home/nose/Aimeos/src/aimeos-core/controller/jobs/src/Controller/Jobs/Admin/Log/Factory.php">
        <class name="Factory" namespace="Aimeos\Controller\Jobs\Admin\Log" fullPackage="Controller.Jobs" package="Controller" subpackage="Jobs">
          <metrics methods="1" coveredmethods="1" conditionals="0" coveredconditionals="0" statements="11" coveredstatements="11" elements="12" coveredelements="12"/>
        </class>
        <line num="33" type="method" name="createController" crap="4" count="5"/>
        <line num="68" type="stmt" count="5"/>
        <line num="69" type="stmt" count="2"/>
        <line num="70" type="stmt" count="2"/>
        <line num="72" type="stmt" count="5"/>
        <line num="73" type="stmt" count="5"/>
        <line num="74" type="stmt" count="1"/>
        <line num="75" type="stmt" count="1"/>
        <line num="78" type="stmt" count="4"/>
        <line num="79" type="stmt" count="4"/>
        <line num="81" type="stmt" count="4"/>
        <line num="157" type="stmt" count="2"/>
        <metrics loc="158" ncloc="32" classes="1" methods="1" coveredmethods="1" conditionals="0" coveredconditionals="0" statements="11" coveredstatements="11" elements="12" coveredelements="12"/>
      </file>
      <file name="/home/nose/Aimeos/src/aimeos-core/controller/jobs/src/Controller/Jobs/Admin/Log/Standard.php">
        <class name="Standard" namespace="Aimeos\Controller\Jobs\Admin\Log" fullPackage="Controller.Jobs" package="Controller" subpackage="Jobs">
          <metrics methods="3" coveredmethods="3" conditionals="0" coveredconditionals="0" statements="47" coveredstatements="47" elements="50" coveredelements="50"/>
        </class>
        <line num="30" type="method" name="getName" crap="1" count="1"/>
        <line num="32" type="stmt" count="1"/>
        <line num="41" type="method" name="getDescription" crap="1" count="1"/>
        <line num="43" type="stmt" count="1"/>
        <line num="52" type="method" name="run" crap="9" count="1"/>
        <line num="54" type="stmt" count="1"/>
        <line num="55" type="stmt" count="1"/>
        <line num="56" type="stmt" count="1"/>
        <line num="74" type="stmt" count="1"/>
        <line num="75" type="stmt" count="1"/>
        <line num="104" type="stmt" count="1"/>
        <line num="105" type="stmt" count="1"/>
        <line num="178" type="stmt" count="1"/>
        <line num="179" type="stmt" count="1"/>
        <line num="180" type="stmt" count="1"/>
        <line num="182" type="stmt" count="1"/>
        <line num="183" type="stmt" count="1"/>
        <line num="184" type="stmt" count="1"/>
        <line num="186" type="stmt" count="1"/>
        <line num="188" type="stmt" count="1"/>
        <line num="189" type="stmt" count="1"/>
        <line num="190" type="stmt" count="1"/>
        <line num="192" type="stmt" count="1"/>
        <line num="193" type="stmt" count="1"/>
        <line num="197" type="stmt" count="1"/>
        <line num="198" type="stmt" count="1"/>
        <line num="200" type="stmt" count="1"/>
        <line num="202" type="stmt" count="1"/>
        <line num="203" type="stmt" count="1"/>
        <line num="204" type="stmt" count="1"/>
        <line num="206" type="stmt" count="1"/>
        <line num="207" type="stmt" count="1"/>
        <line num="208" type="stmt" count="1"/>
        <line num="210" type="stmt" count="1"/>
        <line num="211" type="stmt" count="1"/>
        <line num="213" type="stmt" count="1"/>
        <line num="214" type="stmt" count="1"/>
        <line num="216" type="stmt" count="1"/>
        <line num="218" type="stmt" count="1"/>
        <line num="219" type="stmt" count="1"/>
        <line num="220" type="stmt" count="1"/>
        <line num="222" type="stmt" count="1"/>
        <line num="225" type="stmt" count="1"/>
        <line num="226" type="stmt" count="1"/>
        <line num="227" type="stmt" count="1"/>
        <line num="228" type="stmt" count="1"/>
        <line num="229" type="stmt" count="1"/>
        <line num="231" type="stmt" count="1"/>
        <line num="232" type="stmt" count="1"/>
        <line num="233" type="stmt" count="1"/>
        <line num="235" type="stmt" count="1"/>
        <metrics loc="234" ncloc="94" classes="1" methods="3" coveredmethods="3" conditionals="0" coveredconditionals="0" statements="47" coveredstatements="47" elements="50" coveredelements="50"/>
      </file>
    </package>
    <package name="Aimeos\Controller\Jobs">
      <file name="/home/nose/Aimeos/src/aimeos-core/controller/jobs/src/Controller/Jobs/Base.php">
        <class name="Base" namespace="Aimeos\Controller\Jobs" fullPackage="Controller.Jobs" package="Controller" subpackage="Jobs">
          <metrics methods="4" coveredmethods="4" conditionals="0" coveredconditionals="0" statements="19" coveredstatements="19" elements="23" coveredelements="23"/>
        </class>
        <line num="33" type="method" name="__construct" crap="1" count="103"/>
        <line num="35" type="stmt" count="103"/>
        <line num="36" type="stmt" count="103"/>
        <line num="37" type="stmt" count="103"/>
        <line num="45" type="method" name="getContext" crap="1" count="72"/>
        <line num="47" type="stmt" count="72"/>
        <line num="56" type="method" name="getAimeos" crap="1" count="5"/>
        <line num="58" type="stmt" count="5"/>
        <line num="71" type="method" name="getTypeItem" crap="2" count="2"/>
        <line num="72" type="stmt" count="2"/>
        <line num="73" type="stmt" count="2"/>
        <line num="74" type="stmt" count="2"/>
        <line num="76" type="stmt" count="2"/>
        <line num="78" type="stmt" count="2"/>
        <line num="79" type="stmt" count="2"/>
        <line num="80" type="stmt" count="2"/>
        <line num="81" type="stmt" count="2"/>
        <line num="82" type="stmt" count="2"/>
        <line num="84" type="stmt" count="2"/>
        <line num="85" type="stmt" count="2"/>
        <line num="86" type="stmt" count="1"/>
        <line num="87" type="stmt" count="1"/>
        <line num="90" type="stmt" count="1"/>
        <metrics loc="92" ncloc="54" classes="1" methods="4" coveredmethods="4" conditionals="0" coveredconditionals="0" statements="19" coveredstatements="19" elements="23" coveredelements="23"/>
      </file>
      <file name="/home/nose/Aimeos/src/aimeos-core/controller/jobs/src/Controller/Jobs/Exception.php">
        <class name="Exception" namespace="Aimeos\Controller\Jobs" fullPackage="Controller.Jobs" package="Controller" subpackage="Jobs">
          <metrics methods="0" coveredmethods="0" conditionals="0" coveredconditionals="0" statements="0" coveredstatements="0" elements="0" coveredelements="0"/>
        </class>
        <line num="24" type="stmt" count="1"/>
        <metrics loc="23" ncloc="10" classes="1" methods="0" coveredmethods="0" conditionals="0" coveredconditionals="0" statements="0" coveredstatements="0" elements="0" coveredelements="0"/>
      </file>
      <file name="/home/nose/Aimeos/src/aimeos-core/controller/jobs/src/Controller/Jobs/Factory.php">
        <class name="Factory" namespace="Aimeos\Controller\Jobs" fullPackage="Controller.Jobs" package="Controller" subpackage="Jobs">
          <metrics methods="3" coveredmethods="3" conditionals="0" coveredconditionals="0" statements="51" coveredstatements="50" elements="54" coveredelements="53"/>
        </class>
        <line num="0" type="stmt" count="2"/>
        <line num="40" type="method" name="createController" crap="6.01" count="5"/>
        <line num="42" type="stmt" count="5"/>
        <line num="44" type="stmt" count="5"/>
        <line num="45" type="stmt" count="1"/>
        <line num="48" type="stmt" count="4"/>
        <line num="50" type="stmt" count="4"/>
        <line num="52" type="stmt" count="4"/>
        <line num="53" type="stmt" count="1"/>
        <line num="56" type="stmt" count="3"/>
        <line num="57" type="stmt" count="3"/>
        <line num="59" type="stmt" count="3"/>
        <line num="61" type="stmt" count="3"/>
        <line num="62" type="stmt" count="1"/>
        <line num="65" type="stmt" count="2"/>
        <line num="67" type="stmt" count="2"/>
        <line num="68" type="stmt" count="0"/>
        <line num="71" type="stmt" count="2"/>
        <line num="84" type="method" name="getControllers" crap="5" count="1"/>
        <line num="86" type="stmt" count="1"/>
        <line num="87" type="stmt" count="1"/>
        <line num="89" type="stmt" count="1"/>
        <line num="90" type="stmt" count="1"/>
        <line num="91" type="stmt" count="1"/>
        <line num="93" type="stmt" count="1"/>
        <line num="95" type="stmt" count="1"/>
        <line num="97" type="stmt" count="1"/>
        <line num="99" type="stmt" count="1"/>
        <line num="100" type="stmt" count="1"/>
        <line num="101" type="stmt" count="1"/>
        <line num="102" type="stmt" count="1"/>
        <line num="104" type="stmt" count="1"/>
        <line num="105" type="stmt" count="1"/>
        <line num="106" type="stmt" count="1"/>
        <line num="107" type="stmt" count="1"/>
        <line num="109" type="stmt" count="1"/>
        <line num="111" type="stmt" count="1"/>
        <line num="124" type="method" name="createControllers" crap="8" count="1"/>
        <line num="127" type="stmt" count="1"/>
        <line num="129" type="stmt" count="1"/>
        <line num="131" type="stmt" count="1"/>
        <line num="132" type="stmt" count="1"/>
        <line num="133" type="stmt" count="1"/>
        <line num="134" type="stmt" count="1"/>
        <line num="135" type="stmt" count="1"/>
        <line num="136" type="stmt" count="1"/>
        <line num="138" type="stmt" count="1"/>
        <line num="139" type="stmt" count="1"/>
        <line num="140" type="stmt" count="1"/>
        <line num="141" type="stmt" count="1"/>
        <line num="142" type="stmt" count="1"/>
        <line num="143" type="stmt" count="1"/>
        <line num="144" type="stmt" count="1"/>
        <line num="145" type="stmt" count="1"/>
        <line num="147" type="stmt" count="1"/>
        <line num="150" type="stmt" count="1"/>
        <metrics loc="149" ncloc="104" classes="1" methods="3" coveredmethods="2" conditionals="0" coveredconditionals="0" statements="51" coveredstatements="50" elements="54" coveredelements="52"/>
      </file>
    </package>
    <package name="Aimeos\Controller\Jobs\Common\Decorator">
      <file name="/home/nose/Aimeos/src/aimeos-core/controller/jobs/src/Controller/Jobs/Common/Decorator/Base.php">
        <class name="Base" namespace="Aimeos\Controller\Jobs\Common\Decorator" fullPackage="Controller.Jobs" package="Controller" subpackage="Jobs">
          <metrics methods="7" coveredmethods="6" conditionals="0" coveredconditionals="0" statements="13" coveredstatements="10" elements="20" coveredelements="16"/>
        </class>
        <line num="35" type="method" name="__construct" crap="1" count="5"/>
        <line num="38" type="stmt" count="5"/>
        <line num="39" type="stmt" count="5"/>
        <line num="40" type="stmt" count="5"/>
        <line num="41" type="stmt" count="5"/>
        <line num="52" type="method" name="__call" crap="6" count="0"/>
        <line num="54" type="stmt" count="0"/>
        <line num="55" type="stmt" count="0"/>
        <line num="58" type="stmt" count="0"/>
        <line num="67" type="method" name="getName" crap="1" count="1"/>
        <line num="69" type="stmt" count="1"/>
        <line num="78" type="method" name="getDescription" crap="1" count="1"/>
        <line num="80" type="stmt" count="1"/>
        <line num="89" type="method" name="run" crap="1" count="1"/>
        <line num="91" type="stmt" count="1"/>
        <line num="92" type="stmt" count="1"/>
        <line num="100" type="method" name="getContext" crap="1" count="1"/>
        <line num="102" type="stmt" count="1"/>
        <line num="111" type="method" name="getAimeos" crap="1" count="1"/>
        <line num="113" type="stmt" count="1"/>
        <metrics loc="114" ncloc="62" classes="1" methods="7" coveredmethods="6" conditionals="0" coveredconditionals="0" statements="13" coveredstatements="10" elements="20" coveredelements="16"/>
      </file>
    </package>
    <file name="/home/nose/Aimeos/src/aimeos-core/controller/jobs/src/Controller/Jobs/Common/Decorator/Iface.php">
      <metrics loc="33" ncloc="12" classes="0" methods="0" coveredmethods="0" conditionals="0" coveredconditionals="0" statements="0" coveredstatements="0" elements="0" coveredelements="0"/>
    </file>
    <package name="Aimeos\Controller\Jobs\Common\Factory">
      <file name="/home/nose/Aimeos/src/aimeos-core/controller/jobs/src/Controller/Jobs/Common/Factory/Base.php">
        <class name="Base" namespace="Aimeos\Controller\Jobs\Common\Factory" fullPackage="Controller.Jobs" package="Controller" subpackage="Jobs">
          <metrics methods="4" coveredmethods="4" conditionals="0" coveredconditionals="0" statements="44" coveredstatements="39" elements="48" coveredelements="43"/>
        </class>
        <line num="0" type="stmt" count="25"/>
        <line num="34" type="method" name="injectController" crap="1" count="2"/>
        <line num="36" type="stmt" count="2"/>
        <line num="37" type="stmt" count="2"/>
        <line num="49" type="method" name="addDecorators" crap="6.35" count="26"/>
        <line num="52" type="stmt" count="26"/>
        <line num="54" type="stmt" count="26"/>
        <line num="56" type="stmt" count="4"/>
        <line num="57" type="stmt" count="4"/>
        <line num="58" type="stmt" count="1"/>
        <line num="59" type="stmt" count="1"/>
        <line num="62" type="stmt" count="3"/>
        <line num="64" type="stmt" count="3"/>
        <line num="65" type="stmt" count="3"/>
        <line num="68" type="stmt" count="0"/>
        <line num="70" type="stmt" count="0"/>
        <line num="71" type="stmt" count="0"/>
        <line num="73" type="stmt" count="25"/>
        <line num="75" type="stmt" count="25"/>
        <line num="88" type="method" name="addControllerDecorators" crap="5.03" count="26"/>
        <line num="91" type="stmt" count="26"/>
        <line num="92" type="stmt" count="1"/>
        <line num="95" type="stmt" count="26"/>
        <line num="96" type="stmt" count="26"/>
        <line num="120" type="stmt" count="26"/>
        <line num="121" type="stmt" count="26"/>
        <line num="123" type="stmt" count="26"/>
        <line num="125" type="stmt" count="1"/>
        <line num="126" type="stmt" count="0"/>
        <line num="127" type="stmt" count="0"/>
        <line num="128" type="stmt" count="26"/>
        <line num="130" type="stmt" count="26"/>
        <line num="131" type="stmt" count="26"/>
        <line num="133" type="stmt" count="25"/>
        <line num="134" type="stmt" count="25"/>
        <line num="135" type="stmt" count="25"/>
        <line num="137" type="stmt" count="25"/>
        <line num="138" type="stmt" count="25"/>
        <line num="139" type="stmt" count="25"/>
        <line num="141" type="stmt" count="25"/>
        <line num="154" type="method" name="createControllerBase" crap="4" count="60"/>
        <line num="157" type="stmt" count="60"/>
        <line num="158" type="stmt" count="2"/>
        <line num="161" type="stmt" count="60"/>
        <line num="162" type="stmt" count="17"/>
        <line num="165" type="stmt" count="43"/>
        <line num="167" type="stmt" count="43"/>
        <line num="168" type="stmt" count="17"/>
        <line num="171" type="stmt" count="26"/>
        <metrics loc="173" ncloc="103" classes="1" methods="4" coveredmethods="2" conditionals="0" coveredconditionals="0" statements="44" coveredstatements="39" elements="48" coveredelements="41"/>
      </file>
    </package>
    <file name="/home/nose/Aimeos/src/aimeos-core/controller/jobs/src/Controller/Jobs/Common/Factory/Iface.php">
      <metrics loc="31" ncloc="10" classes="0" methods="0" coveredmethods="0" conditionals="0" coveredconditionals="0" statements="0" coveredstatements="0" elements="0" coveredelements="0"/>
    </file>
    <package name="Aimeos\Controller\Jobs\Customer\Email\Watch">
      <file name="/home/nose/Aimeos/src/aimeos-core/controller/jobs/src/Controller/Jobs/Customer/Email/Watch/Factory.php">
        <class name="Factory" namespace="Aimeos\Controller\Jobs\Customer\Email\Watch" fullPackage="Controller.Customer" package="Controller" subpackage="Customer">
          <metrics methods="1" coveredmethods="1" conditionals="0" coveredconditionals="0" statements="11" coveredstatements="11" elements="12" coveredelements="12"/>
        </class>
        <line num="33" type="method" name="createController" crap="4" count="5"/>
        <line num="68" type="stmt" count="5"/>
        <line num="69" type="stmt" count="2"/>
        <line num="70" type="stmt" count="2"/>
        <line num="72" type="stmt" count="5"/>
        <line num="73" type="stmt" count="5"/>
        <line num="74" type="stmt" count="1"/>
        <line num="75" type="stmt" count="1"/>
        <line num="78" type="stmt" count="4"/>
        <line num="79" type="stmt" count="4"/>
        <line num="81" type="stmt" count="4"/>
        <line num="157" type="stmt" count="2"/>
        <metrics loc="158" ncloc="32" classes="1" methods="1" coveredmethods="1" conditionals="0" coveredconditionals="0" statements="11" coveredstatements="11" elements="12" coveredelements="12"/>
      </file>
      <file name="/home/nose/Aimeos/src/aimeos-core/controller/jobs/src/Controller/Jobs/Customer/Email/Watch/Standard.php">
        <class name="Standard" namespace="Aimeos\Controller\Jobs\Customer\Email\Watch" fullPackage="Controller.Customer" package="Controller" subpackage="Customer">
          <metrics methods="11" coveredmethods="10" conditionals="0" coveredconditionals="0" statements="150" coveredstatements="125" elements="161" coveredelements="135"/>
        </class>
        <line num="0" type="stmt" count="1"/>
        <line num="34" type="method" name="getName" crap="1" count="1"/>
        <line num="36" type="stmt" count="1"/>
        <line num="45" type="method" name="getDescription" crap="1" count="1"/>
        <line num="47" type="stmt" count="1"/>
        <line num="56" type="method" name="run" crap="4" count="2"/>
        <line num="58" type="stmt" count="2"/>
        <line num="59" type="stmt" count="2"/>
        <line num="60" type="stmt" count="2"/>
        <line num="62" type="stmt" count="2"/>
        <line num="63" type="stmt" count="2"/>
        <line num="65" type="stmt" count="2"/>
        <line num="67" type="stmt" count="2"/>
        <line num="69" type="stmt" count="2"/>
        <line num="71" type="stmt" count="2"/>
        <line num="72" type="stmt" count="2"/>
        <line num="75" type="stmt" count="2"/>
        <line num="77" type="stmt" count="2"/>
        <line num="79" type="stmt" count="2"/>
        <line num="81" type="stmt" count="2"/>
        <line num="82" type="stmt" count="2"/>
        <line num="83" type="stmt" count="2"/>
        <line num="84" type="stmt" count="2"/>
        <line num="85" type="stmt" count="2"/>
        <line num="86" type="stmt" count="2"/>
        <line num="87" type="stmt" count="2"/>
        <line num="89" type="stmt" count="2"/>
        <line num="93" type="stmt" count="2"/>
        <line num="95" type="stmt" count="2"/>
        <line num="97" type="stmt" count="2"/>
        <line num="98" type="stmt" count="2"/>
        <line num="99" type="stmt" count="2"/>
        <line num="100" type="stmt" count="1"/>
        <line num="101" type="stmt" count="2"/>
        <line num="102" type="stmt" count="2"/>
        <line num="103" type="stmt" count="2"/>
        <line num="113" type="method" name="execute" crap="7.01" count="2"/>
        <line num="115" type="stmt" count="2"/>
        <line num="116" type="stmt" count="2"/>
        <line num="117" type="stmt" count="2"/>
        <line num="118" type="stmt" count="2"/>
        <line num="120" type="stmt" count="2"/>
        <line num="122" type="stmt" count="2"/>
        <line num="123" type="stmt" count="2"/>
        <line num="124" type="stmt" count="2"/>
        <line num="125" type="stmt" count="2"/>
        <line num="127" type="stmt" count="2"/>
        <line num="128" type="stmt" count="2"/>
        <line num="130" type="stmt" count="2"/>
        <line num="132" type="stmt" count="2"/>
        <line num="134" type="stmt" count="2"/>
        <line num="136" type="stmt" count="2"/>
        <line num="138" type="stmt" count="2"/>
        <line num="139" type="stmt" count="0"/>
        <line num="140" type="stmt" count="0"/>
        <line num="142" type="stmt" count="2"/>
        <line num="143" type="stmt" count="2"/>
        <line num="147" type="stmt" count="2"/>
        <line num="149" type="stmt" count="2"/>
        <line num="150" type="stmt" count="2"/>
        <line num="151" type="stmt" count="2"/>
        <line num="152" type="stmt" count="1"/>
        <line num="153" type="stmt" count="1"/>
        <line num="154" type="stmt" count="1"/>
        <line num="155" type="stmt" count="2"/>
        <line num="157" type="stmt" count="1"/>
        <line num="158" type="stmt" count="1"/>
        <line num="159" type="stmt" count="1"/>
        <line num="162" type="stmt" count="2"/>
        <line num="163" type="stmt" count="2"/>
        <line num="164" type="stmt" count="2"/>
        <line num="173" type="method" name="getClient" crap="2" count="1"/>
        <line num="175" type="stmt" count="1"/>
        <line num="176" type="stmt" count="1"/>
        <line num="177" type="stmt" count="1"/>
        <line num="178" type="stmt" count="1"/>
        <line num="179" type="stmt" count="1"/>
        <line num="181" type="stmt" count="1"/>
        <line num="193" type="method" name="getListItems" crap="1" count="2"/>
        <line num="195" type="stmt" count="2"/>
        <line num="197" type="stmt" count="2"/>
        <line num="199" type="stmt" count="2"/>
        <line num="200" type="stmt" count="2"/>
        <line num="201" type="stmt" count="2"/>
        <line num="202" type="stmt" count="2"/>
        <line num="203" type="stmt" count="2"/>
        <line num="204" type="stmt" count="2"/>
        <line num="206" type="stmt" count="2"/>
        <line num="217" type="method" name="getListProducts" crap="132" count="0"/>
        <line num="219" type="stmt" count="0"/>
        <line num="220" type="stmt" count="0"/>
        <line num="222" type="stmt" count="0"/>
        <line num="226" type="stmt" count="0"/>
        <line num="227" type="stmt" count="0"/>
        <line num="229" type="stmt" count="0"/>
        <line num="230" type="stmt" count="0"/>
        <line num="231" type="stmt" count="0"/>
        <line num="232" type="stmt" count="0"/>
        <line num="234" type="stmt" count="0"/>
        <line num="236" type="stmt" count="0"/>
        <line num="237" type="stmt" count="0"/>
        <line num="238" type="stmt" count="0"/>
        <line num="239" type="stmt" count="0"/>
        <line num="240" type="stmt" count="0"/>
        <line num="241" type="stmt" count="0"/>
        <line num="242" type="stmt" count="0"/>
        <line num="243" type="stmt" count="0"/>
        <line num="245" type="stmt" count="0"/>
        <line num="246" type="stmt" count="0"/>
        <line num="248" type="stmt" count="0"/>
        <line num="259" type="method" name="getProducts" crap="1" count="2"/>
        <line num="261" type="stmt" count="2"/>
        <line num="262" type="stmt" count="2"/>
        <line num="263" type="stmt" count="2"/>
        <line num="266" type="stmt" count="2"/>
        <line num="267" type="stmt" count="2"/>
        <line num="268" type="stmt" count="2"/>
        <line num="271" type="stmt" count="2"/>
        <line num="272" type="stmt" count="2"/>
        <line num="273" type="stmt" count="2"/>
        <line num="274" type="stmt" count="2"/>
        <line num="275" type="stmt" count="2"/>
        <line num="276" type="stmt" count="2"/>
        <line num="277" type="stmt" count="2"/>
        <line num="279" type="stmt" count="2"/>
        <line num="290" type="method" name="getListTypeItem" crap="2.01" count="2"/>
        <line num="292" type="stmt" count="2"/>
        <line num="294" type="stmt" count="2"/>
        <line num="295" type="stmt" count="2"/>
        <line num="296" type="stmt" count="2"/>
        <line num="298" type="stmt" count="2"/>
        <line num="299" type="stmt" count="0"/>
        <line num="302" type="stmt" count="2"/>
        <line num="313" type="method" name="getWarehouseItem" crap="4.01" count="2"/>
        <line num="315" type="stmt" count="2"/>
        <line num="316" type="stmt" count="2"/>
        <line num="317" type="stmt" count="2"/>
        <line num="318" type="stmt" count="2"/>
        <line num="320" type="stmt" count="2"/>
        <line num="321" type="stmt" count="2"/>
        <line num="322" type="stmt" count="2"/>
        <line num="323" type="stmt" count="2"/>
        <line num="324" type="stmt" count="2"/>
        <line num="326" type="stmt" count="2"/>
        <line num="327" type="stmt" count="0"/>
        <line num="330" type="stmt" count="2"/>
        <line num="341" type="method" name="sendMail" crap="1" count="2"/>
        <line num="344" type="stmt" count="2"/>
        <line num="345" type="stmt" count="2"/>
        <line num="346" type="stmt" count="2"/>
        <line num="348" type="stmt" count="2"/>
        <line num="349" type="stmt" count="2"/>
        <line num="351" type="stmt" count="2"/>
        <line num="352" type="stmt" count="2"/>
        <line num="354" type="stmt" count="1"/>
        <line num="355" type="stmt" count="1"/>
        <line num="357" type="stmt" count="1"/>
        <line num="358" type="stmt" count="1"/>
        <line num="359" type="stmt" count="1"/>
        <line num="360" type="stmt" count="1"/>
        <line num="362" type="stmt" count="1"/>
        <line num="363" type="stmt" count="1"/>
        <line num="365" type="stmt" count="1"/>
        <metrics loc="364" ncloc="276" classes="1" methods="11" coveredmethods="7" conditionals="0" coveredconditionals="0" statements="150" coveredstatements="125" elements="161" coveredelements="132"/>
      </file>
    </package>
    <file name="/home/nose/Aimeos/src/aimeos-core/controller/jobs/src/Controller/Jobs/Iface.php">
      <metrics loc="44" ncloc="15" classes="0" methods="0" coveredmethods="0" conditionals="0" coveredconditionals="0" statements="0" coveredstatements="0" elements="0" coveredelements="0"/>
    </file>
    <package name="Aimeos\Controller\Jobs\Index\Optimize">
      <file name="/home/nose/Aimeos/src/aimeos-core/controller/jobs/src/Controller/Jobs/Index/Optimize/Factory.php">
        <class name="Factory" namespace="Aimeos\Controller\Jobs\Index\Optimize" fullPackage="Controller.Jobs" package="Controller" subpackage="Jobs">
          <metrics methods="1" coveredmethods="1" conditionals="0" coveredconditionals="0" statements="11" coveredstatements="11" elements="12" coveredelements="12"/>
        </class>
        <line num="33" type="method" name="createController" crap="4" count="5"/>
        <line num="68" type="stmt" count="5"/>
        <line num="69" type="stmt" count="2"/>
        <line num="70" type="stmt" count="2"/>
        <line num="72" type="stmt" count="5"/>
        <line num="73" type="stmt" count="5"/>
        <line num="74" type="stmt" count="1"/>
        <line num="75" type="stmt" count="1"/>
        <line num="78" type="stmt" count="4"/>
        <line num="79" type="stmt" count="4"/>
        <line num="81" type="stmt" count="4"/>
        <line num="157" type="stmt" count="2"/>
        <metrics loc="158" ncloc="32" classes="1" methods="1" coveredmethods="1" conditionals="0" coveredconditionals="0" statements="11" coveredstatements="11" elements="12" coveredelements="12"/>
      </file>
      <file name="/home/nose/Aimeos/src/aimeos-core/controller/jobs/src/Controller/Jobs/Index/Optimize/Standard.php">
        <class name="Standard" namespace="Aimeos\Controller\Jobs\Index\Optimize" fullPackage="Controller.Jobs" package="Controller" subpackage="Jobs">
          <metrics methods="3" coveredmethods="3" conditionals="0" coveredconditionals="0" statements="4" coveredstatements="4" elements="7" coveredelements="7"/>
        </class>
        <line num="30" type="method" name="getName" crap="1" count="1"/>
        <line num="32" type="stmt" count="1"/>
        <line num="41" type="method" name="getDescription" crap="1" count="1"/>
        <line num="43" type="stmt" count="1"/>
        <line num="52" type="method" name="run" crap="1" count="1"/>
        <line num="54" type="stmt" count="1"/>
        <line num="55" type="stmt" count="1"/>
        <line num="57" type="stmt" count="1"/>
        <metrics loc="56" ncloc="28" classes="1" methods="3" coveredmethods="3" conditionals="0" coveredconditionals="0" statements="4" coveredstatements="4" elements="7" coveredelements="7"/>
      </file>
    </package>
    <package name="Aimeos\Controller\Jobs\Index\Rebuild">
      <file name="/home/nose/Aimeos/src/aimeos-core/controller/jobs/src/Controller/Jobs/Index/Rebuild/Factory.php">
        <class name="Factory" namespace="Aimeos\Controller\Jobs\Index\Rebuild" fullPackage="Controller.Jobs" package="Controller" subpackage="Jobs">
          <metrics methods="1" coveredmethods="1" conditionals="0" coveredconditionals="0" statements="11" coveredstatements="11" elements="12" coveredelements="12"/>
        </class>
        <line num="33" type="method" name="createController" crap="4" count="5"/>
        <line num="68" type="stmt" count="5"/>
        <line num="69" type="stmt" count="2"/>
        <line num="70" type="stmt" count="2"/>
        <line num="72" type="stmt" count="5"/>
        <line num="73" type="stmt" count="5"/>
        <line num="74" type="stmt" count="1"/>
        <line num="75" type="stmt" count="1"/>
        <line num="78" type="stmt" count="4"/>
        <line num="79" type="stmt" count="4"/>
        <line num="81" type="stmt" count="4"/>
        <line num="157" type="stmt" count="2"/>
        <metrics loc="158" ncloc="32" classes="1" methods="1" coveredmethods="1" conditionals="0" coveredconditionals="0" statements="11" coveredstatements="11" elements="12" coveredelements="12"/>
      </file>
      <file name="/home/nose/Aimeos/src/aimeos-core/controller/jobs/src/Controller/Jobs/Index/Rebuild/Standard.php">
        <class name="Standard" namespace="Aimeos\Controller\Jobs\Index\Rebuild" fullPackage="Controller.Jobs" package="Controller" subpackage="Jobs">
          <metrics methods="3" coveredmethods="3" conditionals="0" coveredconditionals="0" statements="10" coveredstatements="10" elements="13" coveredelements="13"/>
        </class>
        <line num="30" type="method" name="getName" crap="1" count="1"/>
        <line num="32" type="stmt" count="1"/>
        <line num="41" type="method" name="getDescription" crap="1" count="1"/>
        <line num="43" type="stmt" count="1"/>
        <line num="52" type="method" name="run" crap="1" count="1"/>
        <line num="54" type="stmt" count="1"/>
        <line num="55" type="stmt" count="1"/>
        <line num="57" type="stmt" count="1"/>
        <line num="58" type="stmt" count="1"/>
        <line num="60" type="stmt" count="1"/>
        <line num="62" type="stmt" count="1"/>
        <line num="63" type="stmt" count="1"/>
        <line num="64" type="stmt" count="1"/>
        <line num="66" type="stmt" count="1"/>
        <metrics loc="65" ncloc="37" classes="1" methods="3" coveredmethods="3" conditionals="0" coveredconditionals="0" statements="10" coveredstatements="10" elements="13" coveredelements="13"/>
      </file>
    </package>
    <package name="Aimeos\Controller\Jobs\Order\Cleanup\Unfinished">
      <file name="/home/nose/Aimeos/src/aimeos-core/controller/jobs/src/Controller/Jobs/Order/Cleanup/Unfinished/Factory.php">
        <class name="Factory" namespace="Aimeos\Controller\Jobs\Order\Cleanup\Unfinished" fullPackage="Controller.Jobs" package="Controller" subpackage="Jobs">
          <metrics methods="1" coveredmethods="1" conditionals="0" coveredconditionals="0" statements="11" coveredstatements="11" elements="12" coveredelements="12"/>
        </class>
        <line num="33" type="method" name="createController" crap="4" count="5"/>
        <line num="68" type="stmt" count="5"/>
        <line num="69" type="stmt" count="2"/>
        <line num="70" type="stmt" count="2"/>
        <line num="72" type="stmt" count="5"/>
        <line num="73" type="stmt" count="5"/>
        <line num="74" type="stmt" count="1"/>
        <line num="75" type="stmt" count="1"/>
        <line num="78" type="stmt" count="4"/>
        <line num="79" type="stmt" count="4"/>
        <line num="81" type="stmt" count="4"/>
        <line num="157" type="stmt" count="2"/>
        <metrics loc="158" ncloc="32" classes="1" methods="1" coveredmethods="1" conditionals="0" coveredconditionals="0" statements="11" coveredstatements="11" elements="12" coveredelements="12"/>
      </file>
      <file name="/home/nose/Aimeos/src/aimeos-core/controller/jobs/src/Controller/Jobs/Order/Cleanup/Unfinished/Standard.php">
        <class name="Standard" namespace="Aimeos\Controller\Jobs\Order\Cleanup\Unfinished" fullPackage="Controller.Jobs" package="Controller" subpackage="Jobs">
          <metrics methods="3" coveredmethods="3" conditionals="0" coveredconditionals="0" statements="26" coveredstatements="26" elements="29" coveredelements="29"/>
        </class>
        <line num="30" type="method" name="getName" crap="1" count="1"/>
        <line num="32" type="stmt" count="1"/>
        <line num="41" type="method" name="getDescription" crap="1" count="1"/>
        <line num="43" type="stmt" count="1"/>
        <line num="52" type="method" name="run" crap="3" count="1"/>
        <line num="54" type="stmt" count="1"/>
        <line num="55" type="stmt" count="1"/>
        <line num="56" type="stmt" count="1"/>
        <line num="57" type="stmt" count="1"/>
        <line num="77" type="stmt" count="1"/>
        <line num="78" type="stmt" count="1"/>
        <line num="80" type="stmt" count="1"/>
        <line num="82" type="stmt" count="1"/>
        <line num="83" type="stmt" count="1"/>
        <line num="84" type="stmt" count="1"/>
        <line num="85" type="stmt" count="1"/>
        <line num="87" type="stmt" count="1"/>
        <line num="91" type="stmt" count="1"/>
        <line num="92" type="stmt" count="1"/>
        <line num="94" type="stmt" count="1"/>
        <line num="96" type="stmt" count="1"/>
        <line num="97" type="stmt" count="1"/>
        <line num="98" type="stmt" count="1"/>
        <line num="100" type="stmt" count="1"/>
        <line num="102" type="stmt" count="1"/>
        <line num="103" type="stmt" count="1"/>
        <line num="104" type="stmt" count="1"/>
        <line num="106" type="stmt" count="1"/>
        <line num="107" type="stmt" count="1"/>
        <line num="109" type="stmt" count="1"/>
        <metrics loc="108" ncloc="62" classes="1" methods="3" coveredmethods="3" conditionals="0" coveredconditionals="0" statements="26" coveredstatements="26" elements="29" coveredelements="29"/>
      </file>
    </package>
    <package name="Aimeos\Controller\Jobs\Order\Cleanup\Unpaid">
      <file name="/home/nose/Aimeos/src/aimeos-core/controller/jobs/src/Controller/Jobs/Order/Cleanup/Unpaid/Factory.php">
        <class name="Factory" namespace="Aimeos\Controller\Jobs\Order\Cleanup\Unpaid" fullPackage="Controller.Jobs" package="Controller" subpackage="Jobs">
          <metrics methods="1" coveredmethods="1" conditionals="0" coveredconditionals="0" statements="11" coveredstatements="11" elements="12" coveredelements="12"/>
        </class>
        <line num="33" type="method" name="createController" crap="4" count="5"/>
        <line num="68" type="stmt" count="5"/>
        <line num="69" type="stmt" count="2"/>
        <line num="70" type="stmt" count="2"/>
        <line num="72" type="stmt" count="5"/>
        <line num="73" type="stmt" count="5"/>
        <line num="74" type="stmt" count="1"/>
        <line num="75" type="stmt" count="1"/>
        <line num="78" type="stmt" count="4"/>
        <line num="79" type="stmt" count="4"/>
        <line num="81" type="stmt" count="4"/>
        <line num="157" type="stmt" count="2"/>
        <metrics loc="158" ncloc="32" classes="1" methods="1" coveredmethods="1" conditionals="0" coveredconditionals="0" statements="11" coveredstatements="11" elements="12" coveredelements="12"/>
      </file>
      <file name="/home/nose/Aimeos/src/aimeos-core/controller/jobs/src/Controller/Jobs/Order/Cleanup/Unpaid/Standard.php">
        <class name="Standard" namespace="Aimeos\Controller\Jobs\Order\Cleanup\Unpaid" fullPackage="Controller.Jobs" package="Controller" subpackage="Jobs">
          <metrics methods="3" coveredmethods="3" conditionals="0" coveredconditionals="0" statements="26" coveredstatements="26" elements="29" coveredelements="29"/>
        </class>
        <line num="30" type="method" name="getName" crap="1" count="1"/>
        <line num="32" type="stmt" count="1"/>
        <line num="41" type="method" name="getDescription" crap="1" count="1"/>
        <line num="43" type="stmt" count="1"/>
        <line num="52" type="method" name="run" crap="3" count="1"/>
        <line num="54" type="stmt" count="1"/>
        <line num="55" type="stmt" count="1"/>
        <line num="56" type="stmt" count="1"/>
        <line num="57" type="stmt" count="1"/>
        <line num="74" type="stmt" count="1"/>
        <line num="75" type="stmt" count="1"/>
        <line num="77" type="stmt" count="1"/>
        <line num="79" type="stmt" count="1"/>
        <line num="80" type="stmt" count="1"/>
        <line num="81" type="stmt" count="1"/>
        <line num="82" type="stmt" count="1"/>
        <line num="84" type="stmt" count="1"/>
        <line num="88" type="stmt" count="1"/>
        <line num="89" type="stmt" count="1"/>
        <line num="91" type="stmt" count="1"/>
        <line num="93" type="stmt" count="1"/>
        <line num="94" type="stmt" count="1"/>
        <line num="95" type="stmt" count="1"/>
        <line num="97" type="stmt" count="1"/>
        <line num="99" type="stmt" count="1"/>
        <line num="100" type="stmt" count="1"/>
        <line num="101" type="stmt" count="1"/>
        <line num="103" type="stmt" count="1"/>
        <line num="104" type="stmt" count="1"/>
        <line num="106" type="stmt" count="1"/>
        <metrics loc="105" ncloc="62" classes="1" methods="3" coveredmethods="3" conditionals="0" coveredconditionals="0" statements="26" coveredstatements="26" elements="29" coveredelements="29"/>
      </file>
    </package>
    <package name="Aimeos\Controller\Jobs\Order\Email\Delivery">
      <file name="/home/nose/Aimeos/src/aimeos-core/controller/jobs/src/Controller/Jobs/Order/Email/Delivery/Factory.php">
        <class name="Factory" namespace="Aimeos\Controller\Jobs\Order\Email\Delivery" fullPackage="Controller.Order" package="Controller" subpackage="Order">
          <metrics methods="1" coveredmethods="1" conditionals="0" coveredconditionals="0" statements="11" coveredstatements="11" elements="12" coveredelements="12"/>
        </class>
        <line num="33" type="method" name="createController" crap="4" count="5"/>
        <line num="68" type="stmt" count="5"/>
        <line num="69" type="stmt" count="2"/>
        <line num="70" type="stmt" count="2"/>
        <line num="72" type="stmt" count="5"/>
        <line num="73" type="stmt" count="5"/>
        <line num="74" type="stmt" count="1"/>
        <line num="75" type="stmt" count="1"/>
        <line num="78" type="stmt" count="4"/>
        <line num="79" type="stmt" count="4"/>
        <line num="81" type="stmt" count="4"/>
        <line num="157" type="stmt" count="2"/>
        <metrics loc="158" ncloc="32" classes="1" methods="1" coveredmethods="1" conditionals="0" coveredconditionals="0" statements="11" coveredstatements="11" elements="12" coveredelements="12"/>
      </file>
      <file name="/home/nose/Aimeos/src/aimeos-core/controller/jobs/src/Controller/Jobs/Order/Email/Delivery/Standard.php">
        <class name="Standard" namespace="Aimeos\Controller\Jobs\Order\Email\Delivery" fullPackage="Controller.Order" package="Controller" subpackage="Order">
          <metrics methods="3" coveredmethods="3" conditionals="0" coveredconditionals="0" statements="65" coveredstatements="65" elements="68" coveredelements="68"/>
        </class>
        <line num="0" type="stmt" count="1"/>
        <line num="30" type="method" name="getName" crap="1" count="1"/>
        <line num="32" type="stmt" count="1"/>
        <line num="41" type="method" name="getDescription" crap="1" count="1"/>
        <line num="43" type="stmt" count="1"/>
        <line num="52" type="method" name="run" crap="6" count="2"/>
        <line num="54" type="stmt" count="2"/>
        <line num="55" type="stmt" count="2"/>
        <line num="56" type="stmt" count="2"/>
        <line num="57" type="stmt" count="2"/>
        <line num="58" type="stmt" count="2"/>
        <line num="60" type="stmt" count="2"/>
        <line num="62" type="stmt" count="2"/>
        <line num="63" type="stmt" count="2"/>
        <line num="65" type="stmt" count="2"/>
        <line num="67" type="stmt" count="2"/>
        <line num="68" type="stmt" count="2"/>
        <line num="69" type="stmt" count="2"/>
        <line num="87" type="stmt" count="2"/>
        <line num="88" type="stmt" count="2"/>
        <line num="91" type="stmt" count="2"/>
        <line num="92" type="stmt" count="2"/>
        <line num="93" type="stmt" count="2"/>
        <line num="94" type="stmt" count="2"/>
        <line num="95" type="stmt" count="2"/>
        <line num="121" type="stmt" count="2"/>
        <line num="123" type="stmt" count="2"/>
        <line num="125" type="stmt" count="2"/>
        <line num="126" type="stmt" count="2"/>
        <line num="129" type="stmt" count="2"/>
        <line num="130" type="stmt" count="2"/>
        <line num="131" type="stmt" count="2"/>
        <line num="132" type="stmt" count="2"/>
        <line num="133" type="stmt" count="2"/>
        <line num="135" type="stmt" count="2"/>
        <line num="139" type="stmt" count="2"/>
        <line num="141" type="stmt" count="2"/>
        <line num="145" type="stmt" count="2"/>
        <line num="148" type="stmt" count="1"/>
        <line num="149" type="stmt" count="1"/>
        <line num="150" type="stmt" count="1"/>
        <line num="153" type="stmt" count="1"/>
        <line num="154" type="stmt" count="1"/>
        <line num="155" type="stmt" count="1"/>
        <line num="157" type="stmt" count="1"/>
        <line num="158" type="stmt" count="1"/>
        <line num="160" type="stmt" count="1"/>
        <line num="161" type="stmt" count="1"/>
        <line num="162" type="stmt" count="1"/>
        <line num="164" type="stmt" count="1"/>
        <line num="165" type="stmt" count="1"/>
        <line num="166" type="stmt" count="1"/>
        <line num="168" type="stmt" count="1"/>
        <line num="170" type="stmt" count="1"/>
        <line num="171" type="stmt" count="1"/>
        <line num="172" type="stmt" count="1"/>
        <line num="173" type="stmt" count="1"/>
        <line num="175" type="stmt" count="1"/>
        <line num="177" type="stmt" count="2"/>
        <line num="179" type="stmt" count="1"/>
        <line num="180" type="stmt" count="1"/>
        <line num="181" type="stmt" count="1"/>
        <line num="183" type="stmt" count="2"/>
        <line num="185" type="stmt" count="2"/>
        <line num="186" type="stmt" count="2"/>
        <line num="187" type="stmt" count="2"/>
        <line num="189" type="stmt" count="2"/>
        <line num="190" type="stmt" count="2"/>
        <line num="191" type="stmt" count="2"/>
        <line num="193" type="stmt" count="1"/>
        <line num="356" type="stmt" count="2"/>
        <line num="388" type="stmt" count="1"/>
        <line num="445" type="stmt" count="1"/>
        <metrics loc="192" ncloc="124" classes="1" methods="3" coveredmethods="3" conditionals="0" coveredconditionals="0" statements="65" coveredstatements="65" elements="68" coveredelements="68"/>
      </file>
    </package>
    <package name="Aimeos\Controller\Jobs\Order\Email\Payment">
      <file name="/home/nose/Aimeos/src/aimeos-core/controller/jobs/src/Controller/Jobs/Order/Email/Payment/Factory.php">
        <class name="Factory" namespace="Aimeos\Controller\Jobs\Order\Email\Payment" fullPackage="Controller.Order" package="Controller" subpackage="Order">
          <metrics methods="1" coveredmethods="1" conditionals="0" coveredconditionals="0" statements="11" coveredstatements="11" elements="12" coveredelements="12"/>
        </class>
        <line num="33" type="method" name="createController" crap="4" count="5"/>
        <line num="68" type="stmt" count="5"/>
        <line num="69" type="stmt" count="2"/>
        <line num="70" type="stmt" count="2"/>
        <line num="72" type="stmt" count="5"/>
        <line num="73" type="stmt" count="5"/>
        <line num="74" type="stmt" count="1"/>
        <line num="75" type="stmt" count="1"/>
        <line num="78" type="stmt" count="4"/>
        <line num="79" type="stmt" count="4"/>
        <line num="81" type="stmt" count="4"/>
        <line num="157" type="stmt" count="2"/>
        <metrics loc="158" ncloc="32" classes="1" methods="1" coveredmethods="1" conditionals="0" coveredconditionals="0" statements="11" coveredstatements="11" elements="12" coveredelements="12"/>
      </file>
      <file name="/home/nose/Aimeos/src/aimeos-core/controller/jobs/src/Controller/Jobs/Order/Email/Payment/Standard.php">
        <class name="Standard" namespace="Aimeos\Controller\Jobs\Order\Email\Payment" fullPackage="Controller.Order" package="Controller" subpackage="Order">
          <metrics methods="3" coveredmethods="3" conditionals="0" coveredconditionals="0" statements="63" coveredstatements="63" elements="66" coveredelements="66"/>
        </class>
        <line num="30" type="method" name="getName" crap="1" count="1"/>
        <line num="32" type="stmt" count="1"/>
        <line num="41" type="method" name="getDescription" crap="1" count="1"/>
        <line num="43" type="stmt" count="1"/>
        <line num="52" type="method" name="run" crap="5" count="2"/>
        <line num="54" type="stmt" count="2"/>
        <line num="55" type="stmt" count="2"/>
        <line num="56" type="stmt" count="2"/>
        <line num="57" type="stmt" count="2"/>
        <line num="58" type="stmt" count="2"/>
        <line num="60" type="stmt" count="2"/>
        <line num="62" type="stmt" count="2"/>
        <line num="63" type="stmt" count="2"/>
        <line num="65" type="stmt" count="2"/>
        <line num="67" type="stmt" count="2"/>
        <line num="68" type="stmt" count="2"/>
        <line num="69" type="stmt" count="2"/>
        <line num="86" type="stmt" count="2"/>
        <line num="87" type="stmt" count="2"/>
        <line num="90" type="stmt" count="2"/>
        <line num="91" type="stmt" count="2"/>
        <line num="92" type="stmt" count="2"/>
        <line num="93" type="stmt" count="2"/>
        <line num="94" type="stmt" count="2"/>
        <line num="119" type="stmt" count="2"/>
        <line num="121" type="stmt" count="2"/>
        <line num="123" type="stmt" count="2"/>
        <line num="124" type="stmt" count="2"/>
        <line num="127" type="stmt" count="2"/>
        <line num="128" type="stmt" count="2"/>
        <line num="129" type="stmt" count="2"/>
        <line num="130" type="stmt" count="2"/>
        <line num="131" type="stmt" count="2"/>
        <line num="133" type="stmt" count="2"/>
        <line num="137" type="stmt" count="2"/>
        <line num="139" type="stmt" count="2"/>
        <line num="143" type="stmt" count="2"/>
        <line num="145" type="stmt" count="1"/>
        <line num="147" type="stmt" count="1"/>
        <line num="148" type="stmt" count="1"/>
        <line num="149" type="stmt" count="1"/>
        <line num="151" type="stmt" count="1"/>
        <line num="152" type="stmt" count="1"/>
        <line num="154" type="stmt" count="1"/>
        <line num="155" type="stmt" count="1"/>
        <line num="156" type="stmt" count="1"/>
        <line num="158" type="stmt" count="1"/>
        <line num="159" type="stmt" count="1"/>
        <line num="160" type="stmt" count="1"/>
        <line num="162" type="stmt" count="1"/>
        <line num="164" type="stmt" count="1"/>
        <line num="165" type="stmt" count="1"/>
        <line num="166" type="stmt" count="1"/>
        <line num="167" type="stmt" count="1"/>
        <line num="169" type="stmt" count="1"/>
        <line num="171" type="stmt" count="2"/>
        <line num="173" type="stmt" count="1"/>
        <line num="174" type="stmt" count="1"/>
        <line num="175" type="stmt" count="1"/>
        <line num="177" type="stmt" count="2"/>
        <line num="179" type="stmt" count="2"/>
        <line num="180" type="stmt" count="2"/>
        <line num="181" type="stmt" count="2"/>
        <line num="183" type="stmt" count="2"/>
        <line num="184" type="stmt" count="2"/>
        <line num="185" type="stmt" count="2"/>
        <line num="187" type="stmt" count="1"/>
        <line num="323" type="stmt" count="1"/>
        <line num="356" type="stmt" count="2"/>
        <metrics loc="186" ncloc="120" classes="1" methods="3" coveredmethods="3" conditionals="0" coveredconditionals="0" statements="63" coveredstatements="63" elements="66" coveredelements="66"/>
      </file>
    </package>
    <package name="Aimeos\Controller\Jobs\Order\Service\Async">
      <file name="/home/nose/Aimeos/src/aimeos-core/controller/jobs/src/Controller/Jobs/Order/Service/Async/Factory.php">
        <class name="Factory" namespace="Aimeos\Controller\Jobs\Order\Service\Async" fullPackage="Controller.Jobs" package="Controller" subpackage="Jobs">
          <metrics methods="1" coveredmethods="1" conditionals="0" coveredconditionals="0" statements="11" coveredstatements="11" elements="12" coveredelements="12"/>
        </class>
        <line num="33" type="method" name="createController" crap="4" count="5"/>
        <line num="68" type="stmt" count="5"/>
        <line num="69" type="stmt" count="2"/>
        <line num="70" type="stmt" count="2"/>
        <line num="72" type="stmt" count="5"/>
        <line num="73" type="stmt" count="5"/>
        <line num="74" type="stmt" count="1"/>
        <line num="75" type="stmt" count="1"/>
        <line num="78" type="stmt" count="4"/>
        <line num="79" type="stmt" count="4"/>
        <line num="81" type="stmt" count="4"/>
        <line num="157" type="stmt" count="2"/>
        <metrics loc="158" ncloc="32" classes="1" methods="1" coveredmethods="1" conditionals="0" coveredconditionals="0" statements="11" coveredstatements="11" elements="12" coveredelements="12"/>
      </file>
      <file name="/home/nose/Aimeos/src/aimeos-core/controller/jobs/src/Controller/Jobs/Order/Service/Async/Standard.php">
        <class name="Standard" namespace="Aimeos\Controller\Jobs\Order\Service\Async" fullPackage="Controller.Jobs" package="Controller" subpackage="Jobs">
          <metrics methods="3" coveredmethods="3" conditionals="0" coveredconditionals="0" statements="18" coveredstatements="18" elements="21" coveredelements="21"/>
        </class>
        <line num="30" type="method" name="getName" crap="1" count="1"/>
        <line num="32" type="stmt" count="1"/>
        <line num="41" type="method" name="getDescription" crap="1" count="1"/>
        <line num="43" type="stmt" count="1"/>
        <line num="52" type="method" name="run" crap="4" count="2"/>
        <line num="54" type="stmt" count="2"/>
        <line num="55" type="stmt" count="2"/>
        <line num="57" type="stmt" count="2"/>
        <line num="58" type="stmt" count="2"/>
        <line num="62" type="stmt" count="2"/>
        <line num="64" type="stmt" count="2"/>
        <line num="68" type="stmt" count="2"/>
        <line num="70" type="stmt" count="2"/>
        <line num="72" type="stmt" count="2"/>
        <line num="73" type="stmt" count="1"/>
        <line num="75" type="stmt" count="2"/>
        <line num="77" type="stmt" count="2"/>
        <line num="78" type="stmt" count="2"/>
        <line num="79" type="stmt" count="2"/>
        <line num="81" type="stmt" count="2"/>
        <line num="82" type="stmt" count="2"/>
        <line num="84" type="stmt" count="1"/>
        <metrics loc="83" ncloc="55" classes="1" methods="3" coveredmethods="3" conditionals="0" coveredconditionals="0" statements="18" coveredstatements="18" elements="21" coveredelements="21"/>
      </file>
    </package>
    <package name="Aimeos\Controller\Jobs\Order\Service\Delivery">
      <file name="/home/nose/Aimeos/src/aimeos-core/controller/jobs/src/Controller/Jobs/Order/Service/Delivery/Factory.php">
        <class name="Factory" namespace="Aimeos\Controller\Jobs\Order\Service\Delivery" fullPackage="Controller.Jobs" package="Controller" subpackage="Jobs">
          <metrics methods="1" coveredmethods="1" conditionals="0" coveredconditionals="0" statements="11" coveredstatements="11" elements="12" coveredelements="12"/>
        </class>
        <line num="33" type="method" name="createController" crap="4" count="5"/>
        <line num="68" type="stmt" count="5"/>
        <line num="69" type="stmt" count="2"/>
        <line num="70" type="stmt" count="2"/>
        <line num="72" type="stmt" count="5"/>
        <line num="73" type="stmt" count="5"/>
        <line num="74" type="stmt" count="1"/>
        <line num="75" type="stmt" count="1"/>
        <line num="78" type="stmt" count="4"/>
        <line num="79" type="stmt" count="4"/>
        <line num="81" type="stmt" count="4"/>
        <line num="157" type="stmt" count="2"/>
        <metrics loc="158" ncloc="32" classes="1" methods="1" coveredmethods="1" conditionals="0" coveredconditionals="0" statements="11" coveredstatements="11" elements="12" coveredelements="12"/>
      </file>
      <file name="/home/nose/Aimeos/src/aimeos-core/controller/jobs/src/Controller/Jobs/Order/Service/Delivery/Standard.php">
        <class name="Standard" namespace="Aimeos\Controller\Jobs\Order\Service\Delivery" fullPackage="Controller.Jobs" package="Controller" subpackage="Jobs">
          <metrics methods="3" coveredmethods="3" conditionals="0" coveredconditionals="0" statements="44" coveredstatements="44" elements="47" coveredelements="47"/>
        </class>
        <line num="30" type="method" name="getName" crap="1" count="1"/>
        <line num="32" type="stmt" count="1"/>
        <line num="41" type="method" name="getDescription" crap="1" count="1"/>
        <line num="43" type="stmt" count="1"/>
        <line num="52" type="method" name="run" crap="7" count="3"/>
        <line num="54" type="stmt" count="3"/>
        <line num="71" type="stmt" count="3"/>
        <line num="72" type="stmt" count="3"/>
        <line num="74" type="stmt" count="3"/>
        <line num="75" type="stmt" count="3"/>
        <line num="76" type="stmt" count="3"/>
        <line num="78" type="stmt" count="3"/>
        <line num="79" type="stmt" count="3"/>
        <line num="81" type="stmt" count="3"/>
        <line num="85" type="stmt" count="3"/>
        <line num="87" type="stmt" count="3"/>
        <line num="91" type="stmt" count="3"/>
        <line num="94" type="stmt" count="2"/>
        <line num="95" type="stmt" count="2"/>
        <line num="96" type="stmt" count="2"/>
        <line num="97" type="stmt" count="2"/>
        <line num="98" type="stmt" count="2"/>
        <line num="99" type="stmt" count="2"/>
        <line num="100" type="stmt" count="2"/>
        <line num="101" type="stmt" count="2"/>
        <line num="103" type="stmt" count="2"/>
        <line num="107" type="stmt" count="2"/>
        <line num="109" type="stmt" count="2"/>
        <line num="113" type="stmt" count="2"/>
        <line num="114" type="stmt" count="1"/>
        <line num="116" type="stmt" count="2"/>
        <line num="118" type="stmt" count="1"/>
        <line num="119" type="stmt" count="1"/>
        <line num="121" type="stmt" count="2"/>
        <line num="123" type="stmt" count="2"/>
        <line num="124" type="stmt" count="2"/>
        <line num="125" type="stmt" count="2"/>
        <line num="127" type="stmt" count="2"/>
        <line num="129" type="stmt" count="3"/>
        <line num="131" type="stmt" count="1"/>
        <line num="132" type="stmt" count="1"/>
        <line num="134" type="stmt" count="3"/>
        <line num="136" type="stmt" count="3"/>
        <line num="137" type="stmt" count="3"/>
        <line num="138" type="stmt" count="3"/>
        <line num="140" type="stmt" count="3"/>
        <line num="141" type="stmt" count="3"/>
        <line num="143" type="stmt" count="1"/>
        <metrics loc="142" ncloc="99" classes="1" methods="3" coveredmethods="3" conditionals="0" coveredconditionals="0" statements="44" coveredstatements="44" elements="47" coveredelements="47"/>
      </file>
    </package>
    <package name="Aimeos\Controller\Jobs\Order\Service\Payment">
      <file name="/home/nose/Aimeos/src/aimeos-core/controller/jobs/src/Controller/Jobs/Order/Service/Payment/Factory.php">
        <class name="Factory" namespace="Aimeos\Controller\Jobs\Order\Service\Payment" fullPackage="Controller.Jobs" package="Controller" subpackage="Jobs">
          <metrics methods="1" coveredmethods="1" conditionals="0" coveredconditionals="0" statements="11" coveredstatements="11" elements="12" coveredelements="12"/>
        </class>
        <line num="33" type="method" name="createController" crap="4" count="5"/>
        <line num="68" type="stmt" count="5"/>
        <line num="69" type="stmt" count="2"/>
        <line num="70" type="stmt" count="2"/>
        <line num="72" type="stmt" count="5"/>
        <line num="73" type="stmt" count="5"/>
        <line num="74" type="stmt" count="1"/>
        <line num="75" type="stmt" count="1"/>
        <line num="78" type="stmt" count="4"/>
        <line num="79" type="stmt" count="4"/>
        <line num="81" type="stmt" count="4"/>
        <line num="157" type="stmt" count="2"/>
        <metrics loc="158" ncloc="32" classes="1" methods="1" coveredmethods="1" conditionals="0" coveredconditionals="0" statements="11" coveredstatements="11" elements="12" coveredelements="12"/>
      </file>
      <file name="/home/nose/Aimeos/src/aimeos-core/controller/jobs/src/Controller/Jobs/Order/Service/Payment/Standard.php">
        <class name="Standard" namespace="Aimeos\Controller\Jobs\Order\Service\Payment" fullPackage="Controller.Jobs" package="Controller" subpackage="Jobs">
          <metrics methods="3" coveredmethods="3" conditionals="0" coveredconditionals="0" statements="53" coveredstatements="49" elements="56" coveredelements="52"/>
        </class>
        <line num="30" type="method" name="getName" crap="1" count="1"/>
        <line num="32" type="stmt" count="1"/>
        <line num="41" type="method" name="getDescription" crap="1" count="1"/>
        <line num="43" type="stmt" count="1"/>
        <line num="52" type="method" name="run" crap="9.04" count="3"/>
        <line num="54" type="stmt" count="3"/>
        <line num="55" type="stmt" count="3"/>
        <line num="71" type="stmt" count="3"/>
        <line num="72" type="stmt" count="3"/>
        <line num="87" type="stmt" count="3"/>
        <line num="90" type="stmt" count="3"/>
        <line num="91" type="stmt" count="3"/>
        <line num="92" type="stmt" count="3"/>
        <line num="94" type="stmt" count="3"/>
        <line num="95" type="stmt" count="3"/>
        <line num="97" type="stmt" count="3"/>
        <line num="98" type="stmt" count="3"/>
        <line num="102" type="stmt" count="3"/>
        <line num="104" type="stmt" count="3"/>
        <line num="108" type="stmt" count="3"/>
        <line num="110" type="stmt" count="2"/>
        <line num="111" type="stmt" count="0"/>
        <line num="115" type="stmt" count="2"/>
        <line num="116" type="stmt" count="2"/>
        <line num="117" type="stmt" count="2"/>
        <line num="119" type="stmt" count="2"/>
        <line num="120" type="stmt" count="2"/>
        <line num="121" type="stmt" count="0"/>
        <line num="122" type="stmt" count="0"/>
        <line num="123" type="stmt" count="0"/>
        <line num="126" type="stmt" count="2"/>
        <line num="129" type="stmt" count="2"/>
        <line num="130" type="stmt" count="2"/>
        <line num="131" type="stmt" count="2"/>
        <line num="133" type="stmt" count="2"/>
        <line num="136" type="stmt" count="2"/>
        <line num="140" type="stmt" count="2"/>
        <line num="142" type="stmt" count="2"/>
        <line num="146" type="stmt" count="2"/>
        <line num="148" type="stmt" count="2"/>
        <line num="150" type="stmt" count="1"/>
        <line num="151" type="stmt" count="1"/>
        <line num="153" type="stmt" count="2"/>
        <line num="155" type="stmt" count="2"/>
        <line num="156" type="stmt" count="2"/>
        <line num="157" type="stmt" count="2"/>
        <line num="159" type="stmt" count="2"/>
        <line num="161" type="stmt" count="3"/>
        <line num="163" type="stmt" count="1"/>
        <line num="164" type="stmt" count="1"/>
        <line num="166" type="stmt" count="3"/>
        <line num="168" type="stmt" count="3"/>
        <line num="169" type="stmt" count="3"/>
        <line num="170" type="stmt" count="3"/>
        <line num="172" type="stmt" count="3"/>
        <line num="173" type="stmt" count="3"/>
        <line num="175" type="stmt" count="1"/>
        <metrics loc="174" ncloc="120" classes="1" methods="3" coveredmethods="2" conditionals="0" coveredconditionals="0" statements="53" coveredstatements="49" elements="56" coveredelements="51"/>
      </file>
    </package>
    <package name="Aimeos\Controller\Jobs\Product\Bought">
      <file name="/home/nose/Aimeos/src/aimeos-core/controller/jobs/src/Controller/Jobs/Product/Bought/Factory.php">
        <class name="Factory" namespace="Aimeos\Controller\Jobs\Product\Bought" fullPackage="Controller.Jobs" package="Controller" subpackage="Jobs">
          <metrics methods="1" coveredmethods="1" conditionals="0" coveredconditionals="0" statements="11" coveredstatements="11" elements="12" coveredelements="12"/>
        </class>
        <line num="33" type="method" name="createController" crap="4" count="5"/>
        <line num="68" type="stmt" count="5"/>
        <line num="69" type="stmt" count="2"/>
        <line num="70" type="stmt" count="2"/>
        <line num="72" type="stmt" count="5"/>
        <line num="73" type="stmt" count="5"/>
        <line num="74" type="stmt" count="1"/>
        <line num="75" type="stmt" count="1"/>
        <line num="78" type="stmt" count="4"/>
        <line num="79" type="stmt" count="4"/>
        <line num="81" type="stmt" count="4"/>
        <line num="158" type="stmt" count="2"/>
        <metrics loc="159" ncloc="32" classes="1" methods="1" coveredmethods="1" conditionals="0" coveredconditionals="0" statements="11" coveredstatements="11" elements="12" coveredelements="12"/>
      </file>
      <file name="/home/nose/Aimeos/src/aimeos-core/controller/jobs/src/Controller/Jobs/Product/Bought/Standard.php">
        <class name="Standard" namespace="Aimeos\Controller\Jobs\Product\Bought" fullPackage="Controller.Jobs" package="Controller" subpackage="Jobs">
          <metrics methods="6" coveredmethods="6" conditionals="0" coveredconditionals="0" statements="93" coveredstatements="93" elements="99" coveredelements="99"/>
        </class>
        <line num="30" type="method" name="getName" crap="1" count="1"/>
        <line num="32" type="stmt" count="1"/>
        <line num="41" type="method" name="getDescription" crap="1" count="1"/>
        <line num="43" type="stmt" count="1"/>
        <line num="52" type="method" name="run" crap="4" count="1"/>
        <line num="54" type="stmt" count="1"/>
        <line num="55" type="stmt" count="1"/>
        <line num="75" type="stmt" count="1"/>
        <line num="104" type="stmt" count="1"/>
        <line num="129" type="stmt" count="1"/>
        <line num="153" type="stmt" count="1"/>
        <line num="154" type="stmt" count="1"/>
        <line num="157" type="stmt" count="1"/>
        <line num="159" type="stmt" count="1"/>
        <line num="160" type="stmt" count="1"/>
        <line num="161" type="stmt" count="1"/>
        <line num="162" type="stmt" count="1"/>
        <line num="163" type="stmt" count="1"/>
        <line num="164" type="stmt" count="1"/>
        <line num="166" type="stmt" count="1"/>
        <line num="167" type="stmt" count="1"/>
        <line num="168" type="stmt" count="1"/>
        <line num="169" type="stmt" count="1"/>
        <line num="173" type="stmt" count="1"/>
        <line num="174" type="stmt" count="1"/>
        <line num="176" type="stmt" count="1"/>
        <line num="178" type="stmt" count="1"/>
        <line num="180" type="stmt" count="1"/>
        <line num="181" type="stmt" count="1"/>
        <line num="182" type="stmt" count="1"/>
        <line num="183" type="stmt" count="1"/>
        <line num="184" type="stmt" count="1"/>
        <line num="185" type="stmt" count="1"/>
        <line num="187" type="stmt" count="1"/>
        <line num="188" type="stmt" count="1"/>
        <line num="189" type="stmt" count="1"/>
        <line num="191" type="stmt" count="1"/>
        <line num="192" type="stmt" count="1"/>
        <line num="208" type="method" name="getSuggestions" crap="6" count="1"/>
        <line num="210" type="stmt" count="1"/>
        <line num="211" type="stmt" count="1"/>
        <line num="213" type="stmt" count="1"/>
        <line num="214" type="stmt" count="1"/>
        <line num="217" type="stmt" count="1"/>
        <line num="218" type="stmt" count="1"/>
        <line num="220" type="stmt" count="1"/>
        <line num="221" type="stmt" count="1"/>
        <line num="222" type="stmt" count="1"/>
        <line num="223" type="stmt" count="1"/>
        <line num="224" type="stmt" count="1"/>
        <line num="226" type="stmt" count="1"/>
        <line num="229" type="stmt" count="1"/>
        <line num="231" type="stmt" count="1"/>
        <line num="232" type="stmt" count="1"/>
        <line num="233" type="stmt" count="1"/>
        <line num="234" type="stmt" count="1"/>
        <line num="236" type="stmt" count="1"/>
        <line num="237" type="stmt" count="1"/>
        <line num="238" type="stmt" count="1"/>
        <line num="241" type="stmt" count="1"/>
        <line num="242" type="stmt" count="1"/>
        <line num="243" type="stmt" count="1"/>
        <line num="245" type="stmt" count="1"/>
        <line num="247" type="stmt" count="1"/>
        <line num="248" type="stmt" count="1"/>
        <line num="251" type="stmt" count="1"/>
        <line num="253" type="stmt" count="1"/>
        <line num="254" type="stmt" count="1"/>
        <line num="255" type="stmt" count="1"/>
        <line num="256" type="stmt" count="1"/>
        <line num="258" type="stmt" count="1"/>
        <line num="260" type="stmt" count="1"/>
        <line num="271" type="method" name="addListItems" crap="3" count="1"/>
        <line num="273" type="stmt" count="1"/>
        <line num="274" type="stmt" count="1"/>
        <line num="277" type="stmt" count="1"/>
        <line num="278" type="stmt" count="1"/>
        <line num="280" type="stmt" count="1"/>
        <line num="282" type="stmt" count="1"/>
        <line num="283" type="stmt" count="1"/>
        <line num="284" type="stmt" count="1"/>
        <line num="285" type="stmt" count="1"/>
        <line num="286" type="stmt" count="1"/>
        <line num="287" type="stmt" count="1"/>
        <line num="288" type="stmt" count="1"/>
        <line num="290" type="stmt" count="1"/>
        <line num="291" type="stmt" count="1"/>
        <line num="292" type="stmt" count="1"/>
        <line num="301" type="method" name="removeListItems" crap="1" count="1"/>
        <line num="303" type="stmt" count="1"/>
        <line num="305" type="stmt" count="1"/>
        <line num="307" type="stmt" count="1"/>
        <line num="308" type="stmt" count="1"/>
        <line num="309" type="stmt" count="1"/>
        <line num="310" type="stmt" count="1"/>
        <line num="311" type="stmt" count="1"/>
        <line num="313" type="stmt" count="1"/>
        <line num="315" type="stmt" count="1"/>
        <line num="316" type="stmt" count="1"/>
        <line num="318" type="stmt" count="1"/>
        <metrics loc="317" ncloc="174" classes="1" methods="6" coveredmethods="6" conditionals="0" coveredconditionals="0" statements="93" coveredstatements="93" elements="99" coveredelements="99"/>
      </file>
    </package>
    <package name="Aimeos\Controller\Jobs\Product\Export">
      <file name="/home/nose/Aimeos/src/aimeos-core/controller/jobs/src/Controller/Jobs/Product/Export/Factory.php">
        <class name="Factory" namespace="Aimeos\Controller\Jobs\Product\Export" fullPackage="Controller.Jobs" package="Controller" subpackage="Jobs">
          <metrics methods="1" coveredmethods="1" conditionals="0" coveredconditionals="0" statements="11" coveredstatements="11" elements="12" coveredelements="12"/>
        </class>
        <line num="32" type="method" name="createController" crap="4" count="5"/>
        <line num="67" type="stmt" count="5"/>
        <line num="68" type="stmt" count="2"/>
        <line num="69" type="stmt" count="2"/>
        <line num="71" type="stmt" count="5"/>
        <line num="72" type="stmt" count="5"/>
        <line num="73" type="stmt" count="1"/>
        <line num="74" type="stmt" count="1"/>
        <line num="77" type="stmt" count="4"/>
        <line num="78" type="stmt" count="4"/>
        <line num="80" type="stmt" count="4"/>
        <line num="157" type="stmt" count="2"/>
        <metrics loc="158" ncloc="32" classes="1" methods="1" coveredmethods="1" conditionals="0" coveredconditionals="0" statements="11" coveredstatements="11" elements="12" coveredelements="12"/>
      </file>
      <file name="/home/nose/Aimeos/src/aimeos-core/controller/jobs/src/Controller/Jobs/Product/Export/Standard.php">
        <class name="Standard" namespace="Aimeos\Controller\Jobs\Product\Export" fullPackage="Controller.Jobs" package="Controller" subpackage="Jobs">
          <metrics methods="10" coveredmethods="10" conditionals="0" coveredconditionals="0" statements="68" coveredstatements="67" elements="78" coveredelements="77"/>
        </class>
        <line num="29" type="method" name="getName" crap="1" count="1"/>
        <line num="31" type="stmt" count="1"/>
        <line num="40" type="method" name="getDescription" crap="1" count="1"/>
        <line num="42" type="stmt" count="1"/>
        <line num="51" type="method" name="run" crap="1" count="1"/>
        <line num="53" type="stmt" count="1"/>
        <line num="54" type="stmt" count="1"/>
        <line num="55" type="stmt" count="1"/>
        <line num="56" type="stmt" count="1"/>
        <line num="65" type="method" name="addItems" crap="1" count="1"/>
        <line num="67" type="stmt" count="1"/>
        <line num="91" type="stmt" count="1"/>
        <line num="92" type="stmt" count="1"/>
        <line num="94" type="stmt" count="1"/>
        <line num="96" type="stmt" count="1"/>
        <line num="98" type="stmt" count="1"/>
        <line num="99" type="stmt" count="1"/>
        <line num="107" type="method" name="createContainer" crap="1" count="1"/>
        <line num="109" type="stmt" count="1"/>
        <line num="127" type="stmt" count="1"/>
        <line num="144" type="stmt" count="1"/>
        <line num="161" type="stmt" count="1"/>
        <line num="178" type="stmt" count="1"/>
        <line num="180" type="stmt" count="1"/>
        <line num="191" type="method" name="createContent" crap="1" count="1"/>
        <line num="193" type="stmt" count="1"/>
        <line num="217" type="stmt" count="1"/>
        <line num="218" type="stmt" count="1"/>
        <line num="220" type="stmt" count="1"/>
        <line num="222" type="stmt" count="1"/>
        <line num="223" type="stmt" count="1"/>
        <line num="224" type="stmt" count="1"/>
        <line num="226" type="stmt" count="1"/>
        <line num="235" type="method" name="closeContent" crap="1" count="1"/>
        <line num="237" type="stmt" count="1"/>
        <line num="261" type="stmt" count="1"/>
        <line num="262" type="stmt" count="1"/>
        <line num="264" type="stmt" count="1"/>
        <line num="266" type="stmt" count="1"/>
        <line num="267" type="stmt" count="1"/>
        <line num="276" type="method" name="export" crap="3" count="2"/>
        <line num="278" type="stmt" count="2"/>
        <line num="280" type="stmt" count="2"/>
        <line num="281" type="stmt" count="2"/>
        <line num="282" type="stmt" count="2"/>
        <line num="284" type="stmt" count="2"/>
        <line num="285" type="stmt" count="2"/>
        <line num="287" type="stmt" count="2"/>
        <line num="289" type="stmt" count="2"/>
        <line num="290" type="stmt" count="2"/>
        <line num="291" type="stmt" count="2"/>
        <line num="293" type="stmt" count="2"/>
        <line num="294" type="stmt" count="2"/>
        <line num="298" type="stmt" count="2"/>
        <line num="299" type="stmt" count="2"/>
        <line num="301" type="stmt" count="2"/>
        <line num="302" type="stmt" count="2"/>
        <line num="303" type="stmt" count="2"/>
        <line num="305" type="stmt" count="2"/>
        <line num="306" type="stmt" count="2"/>
        <line num="307" type="stmt" count="2"/>
        <line num="308" type="stmt" count="2"/>
        <line num="309" type="stmt" count="2"/>
        <line num="310" type="stmt" count="2"/>
        <line num="312" type="stmt" count="2"/>
        <line num="314" type="stmt" count="2"/>
        <line num="316" type="stmt" count="2"/>
        <line num="327" type="method" name="getConfig" crap="4.03" count="1"/>
        <line num="329" type="stmt" count="1"/>
        <line num="333" type="stmt" count="1"/>
        <line num="353" type="stmt" count="0"/>
        <line num="355" type="stmt" count="1"/>
        <line num="375" type="stmt" count="1"/>
        <line num="377" type="stmt" count="1"/>
        <line num="397" type="stmt" count="1"/>
        <line num="400" type="stmt" count="1"/>
        <line num="410" type="method" name="getFilename" crap="1" count="1"/>
        <line num="412" type="stmt" count="1"/>
        <line num="415" type="stmt" count="1"/>
        <metrics loc="414" ncloc="161" classes="1" methods="10" coveredmethods="9" conditionals="0" coveredconditionals="0" statements="68" coveredstatements="67" elements="78" coveredelements="76"/>
      </file>
    </package>
    <package name="Aimeos\Controller\Jobs\Product\Export\Sitemap">
      <file name="/home/nose/Aimeos/src/aimeos-core/controller/jobs/src/Controller/Jobs/Product/Export/Sitemap/Factory.php">
        <class name="Factory" namespace="Aimeos\Controller\Jobs\Product\Export\Sitemap" fullPackage="Controller.Jobs" package="Controller" subpackage="Jobs">
          <metrics methods="1" coveredmethods="1" conditionals="0" coveredconditionals="0" statements="11" coveredstatements="11" elements="12" coveredelements="12"/>
        </class>
        <line num="32" type="method" name="createController" crap="4" count="5"/>
        <line num="67" type="stmt" count="5"/>
        <line num="68" type="stmt" count="2"/>
        <line num="69" type="stmt" count="2"/>
        <line num="71" type="stmt" count="5"/>
        <line num="72" type="stmt" count="5"/>
        <line num="73" type="stmt" count="1"/>
        <line num="74" type="stmt" count="1"/>
        <line num="77" type="stmt" count="4"/>
        <line num="78" type="stmt" count="4"/>
        <line num="80" type="stmt" count="4"/>
        <line num="157" type="stmt" count="2"/>
        <metrics loc="158" ncloc="32" classes="1" methods="1" coveredmethods="1" conditionals="0" coveredconditionals="0" statements="11" coveredstatements="11" elements="12" coveredelements="12"/>
      </file>
      <file name="/home/nose/Aimeos/src/aimeos-core/controller/jobs/src/Controller/Jobs/Product/Export/Sitemap/Standard.php">
        <class name="Standard" namespace="Aimeos\Controller\Jobs\Product\Export\Sitemap" fullPackage="Controller.Jobs" package="Controller" subpackage="Jobs">
          <metrics methods="10" coveredmethods="10" conditionals="0" coveredconditionals="0" statements="52" coveredstatements="51" elements="62" coveredelements="61"/>
        </class>
        <line num="29" type="method" name="getName" crap="1" count="1"/>
        <line num="31" type="stmt" count="1"/>
        <line num="40" type="method" name="getDescription" crap="1" count="1"/>
        <line num="42" type="stmt" count="1"/>
        <line num="51" type="method" name="run" crap="1" count="1"/>
        <line num="53" type="stmt" count="1"/>
        <line num="55" type="stmt" count="1"/>
        <line num="56" type="stmt" count="1"/>
        <line num="58" type="stmt" count="1"/>
        <line num="59" type="stmt" count="1"/>
        <line num="68" type="method" name="addItems" crap="1" count="1"/>
        <line num="70" type="stmt" count="1"/>
        <line num="99" type="stmt" count="1"/>
        <line num="123" type="stmt" count="1"/>
        <line num="124" type="stmt" count="1"/>
        <line num="126" type="stmt" count="1"/>
        <line num="128" type="stmt" count="1"/>
        <line num="129" type="stmt" count="1"/>
        <line num="131" type="stmt" count="1"/>
        <line num="132" type="stmt" count="1"/>
        <line num="140" type="method" name="createContainer" crap="1" count="1"/>
        <line num="142" type="stmt" count="1"/>
        <line num="177" type="stmt" count="1"/>
        <line num="197" type="stmt" count="1"/>
        <line num="199" type="stmt" count="1"/>
        <line num="210" type="method" name="createContent" crap="1" count="1"/>
        <line num="212" type="stmt" count="1"/>
        <line num="236" type="stmt" count="1"/>
        <line num="237" type="stmt" count="1"/>
        <line num="239" type="stmt" count="1"/>
        <line num="241" type="stmt" count="1"/>
        <line num="242" type="stmt" count="1"/>
        <line num="243" type="stmt" count="1"/>
        <line num="245" type="stmt" count="1"/>
        <line num="254" type="method" name="closeContent" crap="1" count="1"/>
        <line num="256" type="stmt" count="1"/>
        <line num="280" type="stmt" count="1"/>
        <line num="281" type="stmt" count="1"/>
        <line num="283" type="stmt" count="1"/>
        <line num="285" type="stmt" count="1"/>
        <line num="286" type="stmt" count="1"/>
        <line num="295" type="method" name="createSitemapIndex" crap="1" count="1"/>
        <line num="297" type="stmt" count="1"/>
        <line num="321" type="stmt" count="1"/>
        <line num="322" type="stmt" count="1"/>
        <line num="324" type="stmt" count="1"/>
        <line num="325" type="stmt" count="1"/>
        <line num="327" type="stmt" count="1"/>
        <line num="328" type="stmt" count="1"/>
        <line num="329" type="stmt" count="1"/>
        <line num="330" type="stmt" count="1"/>
        <line num="340" type="method" name="getConfig" crap="4.03" count="1"/>
        <line num="342" type="stmt" count="1"/>
        <line num="346" type="stmt" count="1"/>
        <line num="347" type="stmt" count="0"/>
        <line num="349" type="stmt" count="1"/>
        <line num="371" type="stmt" count="1"/>
        <line num="373" type="stmt" count="1"/>
        <line num="391" type="stmt" count="1"/>
        <line num="394" type="stmt" count="1"/>
        <line num="404" type="method" name="getFilename" crap="1" count="1"/>
        <line num="406" type="stmt" count="1"/>
        <line num="409" type="stmt" count="1"/>
        <metrics loc="408" ncloc="135" classes="1" methods="10" coveredmethods="9" conditionals="0" coveredconditionals="0" statements="52" coveredstatements="51" elements="62" coveredelements="60"/>
      </file>
    </package>
    <package name="Aimeos\Controller\Jobs\Product\Import\Csv">
      <file name="/home/nose/Aimeos/src/aimeos-core/controller/jobs/src/Controller/Jobs/Product/Import/Csv/Factory.php">
        <class name="Factory" namespace="Aimeos\Controller\Jobs\Product\Import\Csv" fullPackage="Controller.Jobs" package="Controller" subpackage="Jobs">
          <metrics methods="1" coveredmethods="1" conditionals="0" coveredconditionals="0" statements="11" coveredstatements="11" elements="12" coveredelements="12"/>
        </class>
        <line num="32" type="method" name="createController" crap="4" count="5"/>
        <line num="67" type="stmt" count="5"/>
        <line num="68" type="stmt" count="2"/>
        <line num="69" type="stmt" count="2"/>
        <line num="71" type="stmt" count="5"/>
        <line num="72" type="stmt" count="5"/>
        <line num="73" type="stmt" count="1"/>
        <line num="74" type="stmt" count="1"/>
        <line num="77" type="stmt" count="4"/>
        <line num="78" type="stmt" count="4"/>
        <line num="80" type="stmt" count="4"/>
        <line num="157" type="stmt" count="2"/>
        <metrics loc="158" ncloc="32" classes="1" methods="1" coveredmethods="1" conditionals="0" coveredconditionals="0" statements="11" coveredstatements="11" elements="12" coveredelements="12"/>
      </file>
      <file name="/home/nose/Aimeos/src/aimeos-core/controller/jobs/src/Controller/Jobs/Product/Import/Csv/Standard.php">
        <class name="Standard" namespace="Aimeos\Controller\Jobs\Product\Import\Csv" fullPackage="Controller.Jobs" package="Controller" subpackage="Jobs">
          <metrics methods="7" coveredmethods="7" conditionals="0" coveredconditionals="0" statements="104" coveredstatements="100" elements="111" coveredelements="107"/>
        </class>
        <line num="0" type="stmt" count="1"/>
        <line num="29" type="method" name="getName" crap="1" count="1"/>
        <line num="31" type="stmt" count="1"/>
        <line num="40" type="method" name="getDescription" crap="1" count="1"/>
        <line num="42" type="stmt" count="1"/>
        <line num="51" type="method" name="run" crap="10" count="8"/>
        <line num="53" type="stmt" count="8"/>
        <line num="54" type="stmt" count="8"/>
        <line num="55" type="stmt" count="8"/>
        <line num="56" type="stmt" count="8"/>
        <line num="57" type="stmt" count="8"/>
        <line num="58" type="stmt" count="8"/>
        <line num="77" type="stmt" count="8"/>
        <line num="97" type="stmt" count="8"/>
        <line num="125" type="stmt" count="8"/>
        <line num="145" type="stmt" count="8"/>
        <line num="187" type="stmt" count="8"/>
        <line num="207" type="stmt" count="8"/>
        <line num="227" type="stmt" count="8"/>
        <line num="249" type="stmt" count="8"/>
        <line num="273" type="stmt" count="8"/>
        <line num="306" type="stmt" count="8"/>
        <line num="309" type="stmt" count="8"/>
        <line num="310" type="stmt" count="8"/>
        <line num="311" type="stmt" count="1"/>
        <line num="312" type="stmt" count="1"/>
        <line num="317" type="stmt" count="7"/>
        <line num="318" type="stmt" count="7"/>
        <line num="320" type="stmt" count="7"/>
        <line num="321" type="stmt" count="7"/>
        <line num="322" type="stmt" count="7"/>
        <line num="323" type="stmt" count="7"/>
        <line num="324" type="stmt" count="7"/>
        <line num="326" type="stmt" count="7"/>
        <line num="327" type="stmt" count="7"/>
        <line num="329" type="stmt" count="7"/>
        <line num="331" type="stmt" count="7"/>
        <line num="333" type="stmt" count="7"/>
        <line num="334" type="stmt" count="6"/>
        <line num="335" type="stmt" count="6"/>
        <line num="337" type="stmt" count="7"/>
        <line num="339" type="stmt" count="5"/>
        <line num="340" type="stmt" count="5"/>
        <line num="341" type="stmt" count="5"/>
        <line num="342" type="stmt" count="5"/>
        <line num="344" type="stmt" count="5"/>
        <line num="345" type="stmt" count="5"/>
        <line num="347" type="stmt" count="5"/>
        <line num="348" type="stmt" count="5"/>
        <line num="349" type="stmt" count="5"/>
        <line num="350" type="stmt" count="5"/>
        <line num="351" type="stmt" count="7"/>
        <line num="353" type="stmt" count="7"/>
        <line num="355" type="stmt" count="7"/>
        <line num="357" type="stmt" count="0"/>
        <line num="358" type="stmt" count="0"/>
        <line num="360" type="stmt" count="0"/>
        <line num="363" type="stmt" count="7"/>
        <line num="364" type="stmt" count="7"/>
        <line num="366" type="stmt" count="7"/>
        <line num="367" type="stmt" count="7"/>
        <line num="368" type="stmt" count="1"/>
        <line num="369" type="stmt" count="1"/>
        <line num="372" type="stmt" count="6"/>
        <line num="373" type="stmt" count="1"/>
        <line num="375" type="stmt" count="5"/>
        <line num="385" type="method" name="getCodePosition" crap="3.07" count="7"/>
        <line num="387" type="stmt" count="7"/>
        <line num="389" type="stmt" count="7"/>
        <line num="390" type="stmt" count="7"/>
        <line num="392" type="stmt" count="1"/>
        <line num="394" type="stmt" count="0"/>
        <line num="403" type="method" name="getContainer" crap="1" count="7"/>
        <line num="405" type="stmt" count="7"/>
        <line num="429" type="stmt" count="7"/>
        <line num="452" type="stmt" count="7"/>
        <line num="473" type="stmt" count="7"/>
        <line num="491" type="stmt" count="7"/>
        <line num="493" type="stmt" count="7"/>
        <line num="508" type="method" name="import" crap="7" count="5"/>
        <line num="511" type="stmt" count="5"/>
        <line num="512" type="stmt" count="5"/>
        <line num="513" type="stmt" count="5"/>
        <line num="515" type="stmt" count="5"/>
        <line num="517" type="stmt" count="5"/>
        <line num="519" type="stmt" count="5"/>
        <line num="523" type="stmt" count="5"/>
        <line num="524" type="stmt" count="1"/>
        <line num="525" type="stmt" count="1"/>
        <line num="526" type="stmt" count="5"/>
        <line num="529" type="stmt" count="5"/>
        <line num="531" type="stmt" count="5"/>
        <line num="532" type="stmt" count="5"/>
        <line num="534" type="stmt" count="5"/>
        <line num="535" type="stmt" count="5"/>
        <line num="537" type="stmt" count="5"/>
        <line num="539" type="stmt" count="4"/>
        <line num="541" type="stmt" count="5"/>
        <line num="543" type="stmt" count="1"/>
        <line num="545" type="stmt" count="1"/>
        <line num="546" type="stmt" count="1"/>
        <line num="548" type="stmt" count="1"/>
        <line num="551" type="stmt" count="5"/>
        <line num="552" type="stmt" count="4"/>
        <line num="553" type="stmt" count="4"/>
        <line num="554" type="stmt" count="5"/>
        <line num="556" type="stmt" count="5"/>
        <line num="566" type="method" name="addItemDefaults" crap="2" count="5"/>
        <line num="568" type="stmt" count="5"/>
        <line num="569" type="stmt" count="2"/>
        <line num="570" type="stmt" count="2"/>
        <line num="572" type="stmt" count="5"/>
        <line num="575" type="stmt" count="1"/>
        <metrics loc="574" ncloc="219" classes="1" methods="7" coveredmethods="5" conditionals="0" coveredconditionals="0" statements="104" coveredstatements="100" elements="111" coveredelements="105"/>
      </file>
    </package>
    <metrics files="42" loc="6944" ncloc="2800" classes="39" methods="115" coveredmethods="101" conditionals="0" coveredconditionals="0" statements="1179" coveredstatements="1133" elements="1294" coveredelements="1234"/>
  </project>
</coverage>
